<?xml version="1.0" encoding="UTF-8"?>
<!-- Generated by org.testng.reporters.JUnitReportReporter -->
<testsuite hostname="LAPTOP-EC8UO6AG" name="com.automation.Testscripts.TC_04_CreateEmployee" tests="2" failures="0" timestamp="26 Sep 2019 08:18:33 GMT" time="62.238" errors="0">
  <testcase name="createEmployee" time="37.142" classname="com.automation.Testscripts.TC_04_CreateEmployee"/>
  <testcase name="createEmployee" time="25.096" classname="com.automation.Testscripts.TC_04_CreateEmployee"/>
</testsuite> <!-- com.automation.Testscripts.TC_04_CreateEmployee -->
