<?xml version="1.0" encoding="UTF-8"?>
<!-- Generated by org.testng.reporters.JUnitReportReporter -->
<testsuite hostname="LAPTOP-EC8UO6AG" name="com.automation.Testscripts.TC_02_CreateEmployee" tests="2" failures="0" timestamp="26 Sep 2019 07:21:48 GMT" time="64.156" errors="0">
  <testcase name="createEmployee" time="25.352" classname="com.automation.Testscripts.TC_02_CreateEmployee"/>
  <testcase name="createEmployee" time="38.804" classname="com.automation.Testscripts.TC_02_CreateEmployee"/>
</testsuite> <!-- com.automation.Testscripts.TC_02_CreateEmployee -->
