<?xml version="1.0" encoding="UTF-8"?>
<!-- Generated by org.testng.reporters.JUnitReportReporter -->
<testsuite hostname="LAPTOP-EC8UO6AG" name="com.automation.Testscripts.TC_03_CreateEmployee" tests="2" failures="0" timestamp="26 Sep 2019 07:57:33 GMT" time="72.885" errors="0">
  <testcase name="createEmployee" time="29.390" classname="com.automation.Testscripts.TC_03_CreateEmployee"/>
  <testcase name="createEmployee" time="43.495" classname="com.automation.Testscripts.TC_03_CreateEmployee"/>
</testsuite> <!-- com.automation.Testscripts.TC_03_CreateEmployee -->
