<?xml version="1.0" encoding="UTF-8"?>
<!-- Generated by org.testng.reporters.JUnitReportReporter -->
<testsuite hostname="LAPTOP-EC8UO6AG" name="com.automation.Testscripts.PomCreateEmployee" tests="2" failures="0" timestamp="26 Sep 2019 12:23:35 GMT" time="71.765" errors="0">
  <testcase name="createEmployee" time="48.461" classname="com.automation.Testscripts.PomCreateEmployee"/>
  <testcase name="createEmployee" time="23.304" classname="com.automation.Testscripts.PomCreateEmployee"/>
</testsuite> <!-- com.automation.Testscripts.PomCreateEmployee -->
