<?xml version="1.0" encoding="UTF-8"?>
<!-- Generated by org.testng.reporters.JUnitReportReporter -->
<testsuite hostname="LAPTOP-EC8UO6AG" name="com.automation.Testscripts.TC_05_CreateEmployee" tests="2" failures="0" timestamp="26 Sep 2019 08:36:08 GMT" time="58.099" errors="0">
  <testcase name="createEmployee" time="34.381" classname="com.automation.Testscripts.TC_05_CreateEmployee"/>
  <testcase name="createEmployee" time="23.718" classname="com.automation.Testscripts.TC_05_CreateEmployee"/>
</testsuite> <!-- com.automation.Testscripts.TC_05_CreateEmployee -->
