<?xml version="1.0" encoding="UTF-8"?>
<!-- Generated by org.testng.reporters.JUnitReportReporter -->
<testsuite hostname="LAPTOP-EC8UO6AG" name="com.automation.Testscripts.TC_01_CreateEmployee" tests="1" failures="0" timestamp="26 Sep 2019 07:03:49 GMT" time="44.365" errors="0">
  <testcase name="createEmployee" time="44.365" classname="com.automation.Testscripts.TC_01_CreateEmployee"/>
</testsuite> <!-- com.automation.Testscripts.TC_01_CreateEmployee -->
